[ 2017-05-29T08:51:03+08:00 ] 127.0.0.1 /index.php/home/index/index
INFO: [ app_init ] --START--
INFO: Run Behavior\BuildLiteBehavior [ RunTime:0.000015s ]
INFO: [ app_init ] --END-- [ RunTime:0.000082s ]
INFO: [ app_begin ] --START--
INFO: Run Behavior\ReadHtmlCacheBehavior [ RunTime:0.002264s ]
INFO: [ app_begin ] --END-- [ RunTime:0.002326s ]
INFO: [ view_parse ] --START--
INFO: [ template_filter ] --START--
INFO: Run Behavior\ContentReplaceBehavior [ RunTime:0.000373s ]
INFO: [ template_filter ] --END-- [ RunTime:0.000443s ]
INFO: Run Behavior\ParseTemplateBehavior [ RunTime:0.045292s ]
INFO: [ view_parse ] --END-- [ RunTime:0.045369s ]
INFO: [ view_filter ] --START--
INFO: Run Behavior\WriteHtmlCacheBehavior [ RunTime:0.001762s ]
INFO: [ view_filter ] --END-- [ RunTime:0.001851s ]
INFO: [ app_end ] --START--
INFO: Run Behavior\ShowPageTraceBehavior [ RunTime:0.002636s ]
INFO: [ app_end ] --END-- [ RunTime:0.002698s ]

[ 2017-05-29T08:51:03+08:00 ] 127.0.0.1 /index.php/home/index/Public/static/css/owl.theme.css
INFO: [ app_init ] --START--
INFO: Run Behavior\BuildLiteBehavior [ RunTime:0.000014s ]
INFO: [ app_init ] --END-- [ RunTime:0.000081s ]
INFO: [ app_begin ] --START--
INFO: Run Behavior\ReadHtmlCacheBehavior [ RunTime:0.004084s ]
INFO: [ app_begin ] --END-- [ RunTime:0.004163s ]
ERR: 非法操作:Public

[ 2017-05-29T08:51:03+08:00 ] 127.0.0.1 /index.php/home/index/Public/static/css/font-awesome.min.css
INFO: [ app_init ] --START--
INFO: Run Behavior\BuildLiteBehavior [ RunTime:0.000015s ]
INFO: [ app_init ] --END-- [ RunTime:0.000086s ]
INFO: [ app_begin ] --START--
INFO: Run Behavior\ReadHtmlCacheBehavior [ RunTime:0.002294s ]
INFO: [ app_begin ] --END-- [ RunTime:0.002364s ]
ERR: 非法操作:Public

[ 2017-05-29T08:51:03+08:00 ] 127.0.0.1 /index.php/home/index/Public/static/css/bootstrap.min.css
INFO: [ app_init ] --START--
INFO: Run Behavior\BuildLiteBehavior [ RunTime:0.000014s ]
INFO: [ app_init ] --END-- [ RunTime:0.000081s ]
INFO: [ app_begin ] --START--
INFO: Run Behavior\ReadHtmlCacheBehavior [ RunTime:0.002213s ]
INFO: [ app_begin ] --END-- [ RunTime:0.002279s ]
ERR: 非法操作:Public

[ 2017-05-29T08:51:03+08:00 ] 127.0.0.1 /index.php/home/index/Public/static/css/style.css
INFO: [ app_init ] --START--
INFO: Run Behavior\BuildLiteBehavior [ RunTime:0.000014s ]
INFO: [ app_init ] --END-- [ RunTime:0.000081s ]
INFO: [ app_begin ] --START--
INFO: Run Behavior\ReadHtmlCacheBehavior [ RunTime:0.018211s ]
INFO: [ app_begin ] --END-- [ RunTime:0.018285s ]
ERR: 非法操作:Public

[ 2017-05-29T08:51:03+08:00 ] 127.0.0.1 /index.php/home/index/Public/static/css/index.css
INFO: [ app_init ] --START--
INFO: Run Behavior\BuildLiteBehavior [ RunTime:0.000017s ]
INFO: [ app_init ] --END-- [ RunTime:0.000096s ]
INFO: [ app_begin ] --START--
INFO: Run Behavior\ReadHtmlCacheBehavior [ RunTime:0.002435s ]
INFO: [ app_begin ] --END-- [ RunTime:0.002519s ]
ERR: 非法操作:Public

[ 2017-05-29T08:51:03+08:00 ] 127.0.0.1 /index.php/home/index/Public/static/css/about_us.css
INFO: [ app_init ] --START--
INFO: Run Behavior\BuildLiteBehavior [ RunTime:0.000016s ]
INFO: [ app_init ] --END-- [ RunTime:0.000094s ]
INFO: [ app_begin ] --START--
INFO: Run Behavior\ReadHtmlCacheBehavior [ RunTime:0.002129s ]
INFO: [ app_begin ] --END-- [ RunTime:0.002207s ]
ERR: 非法操作:Public

[ 2017-05-29T08:51:03+08:00 ] 127.0.0.1 /index.php/home/index/Public/static/css/owl.carousel.css
INFO: [ app_init ] --START--
INFO: Run Behavior\BuildLiteBehavior [ RunTime:0.000141s ]
INFO: [ app_init ] --END-- [ RunTime:0.000257s ]
INFO: [ app_begin ] --START--
INFO: Run Behavior\ReadHtmlCacheBehavior [ RunTime:0.002156s ]
INFO: [ app_begin ] --END-- [ RunTime:0.002229s ]
ERR: 非法操作:Public

[ 2017-05-29T08:51:03+08:00 ] 127.0.0.1 /index.php/home/index/Public/static/css/animate.css
INFO: [ app_init ] --START--
INFO: Run Behavior\BuildLiteBehavior [ RunTime:0.000014s ]
INFO: [ app_init ] --END-- [ RunTime:0.000085s ]
INFO: [ app_begin ] --START--
INFO: Run Behavior\ReadHtmlCacheBehavior [ RunTime:0.003635s ]
INFO: [ app_begin ] --END-- [ RunTime:0.003711s ]
ERR: 非法操作:Public

[ 2017-05-29T08:51:03+08:00 ] 127.0.0.1 /index.php/home/index/Public/static/js/owl.carousel.js
INFO: [ app_init ] --START--
INFO: Run Behavior\BuildLiteBehavior [ RunTime:0.000015s ]
INFO: [ app_init ] --END-- [ RunTime:0.000088s ]
INFO: [ app_begin ] --START--
INFO: Run Behavior\ReadHtmlCacheBehavior [ RunTime:0.002227s ]
INFO: [ app_begin ] --END-- [ RunTime:0.002321s ]
ERR: 非法操作:Public

[ 2017-05-29T08:51:03+08:00 ] 127.0.0.1 /index.php/home/index/Public/static/js/bootstrap.min.js
INFO: [ app_init ] --START--
INFO: Run Behavior\BuildLiteBehavior [ RunTime:0.000015s ]
INFO: [ app_init ] --END-- [ RunTime:0.000257s ]
INFO: [ app_begin ] --START--
INFO: Run Behavior\ReadHtmlCacheBehavior [ RunTime:0.029817s ]
INFO: [ app_begin ] --END-- [ RunTime:0.029898s ]
ERR: 非法操作:Public

[ 2017-05-29T08:51:03+08:00 ] 127.0.0.1 /index.php/home/index/Public/static/js/jquery-3.0.0.min.js
INFO: [ app_init ] --START--
INFO: Run Behavior\BuildLiteBehavior [ RunTime:0.000014s ]
INFO: [ app_init ] --END-- [ RunTime:0.000089s ]
INFO: [ app_begin ] --START--
INFO: Run Behavior\ReadHtmlCacheBehavior [ RunTime:0.002078s ]
INFO: [ app_begin ] --END-- [ RunTime:0.002155s ]
ERR: 非法操作:Public

[ 2017-05-29T08:51:04+08:00 ] 127.0.0.1 /index.php/home/index/Public/static/images/logo.png
INFO: [ app_init ] --START--
INFO: Run Behavior\BuildLiteBehavior [ RunTime:0.000016s ]
INFO: [ app_init ] --END-- [ RunTime:0.000090s ]

[ 2017-05-29T08:51:04+08:00 ] 127.0.0.1 /index.php/home/index/Public/static/images/71ca719122fb3e722dab627cd6cf85e3.jpg
INFO: [ app_init ] --START--
INFO: Run Behavior\BuildLiteBehavior [ RunTime:0.000023s ]
INFO: [ app_init ] --END-- [ RunTime:0.000153s ]

[ 2017-05-29T08:51:04+08:00 ] 127.0.0.1 /index.php/home/index/Public/static/js/bootstrap.min.js
INFO: [ app_init ] --START--
INFO: Run Behavior\BuildLiteBehavior [ RunTime:0.000023s ]
INFO: [ app_init ] --END-- [ RunTime:0.000141s ]
INFO: [ app_begin ] --START--
INFO: Run Behavior\ReadHtmlCacheBehavior [ RunTime:0.002515s ]
INFO: [ app_begin ] --END-- [ RunTime:0.002601s ]
ERR: 非法操作:Public

[ 2017-05-29T08:51:04+08:00 ] 127.0.0.1 /index.php/home/index/Public/static/images/913d8d8cf1b253b8151781d4980aff72.jpg
INFO: [ app_init ] --START--
INFO: Run Behavior\BuildLiteBehavior [ RunTime:0.000015s ]
INFO: [ app_init ] --END-- [ RunTime:0.000091s ]

[ 2017-05-29T08:51:04+08:00 ] 127.0.0.1 /index.php/home/index/Public/static/js/owl.carousel.js
INFO: [ app_init ] --START--
INFO: Run Behavior\BuildLiteBehavior [ RunTime:0.000014s ]
INFO: [ app_init ] --END-- [ RunTime:0.000092s ]
INFO: [ app_begin ] --START--
INFO: Run Behavior\ReadHtmlCacheBehavior [ RunTime:0.002150s ]
INFO: [ app_begin ] --END-- [ RunTime:0.002229s ]
ERR: 非法操作:Public

[ 2017-05-29T08:51:04+08:00 ] 127.0.0.1 /index.php/home/index/Public/static/images/%E5%BD%A9%E8%89%B2%E8%80%90%E7%A3%A8%E5%9C%B0%E5%9D%AA.jpg
INFO: [ app_init ] --START--
INFO: Run Behavior\BuildLiteBehavior [ RunTime:0.000015s ]
INFO: [ app_init ] --END-- [ RunTime:0.000093s ]

[ 2017-05-29T08:51:04+08:00 ] 127.0.0.1 /index.php/home/index/Public/static/images/%E9%93%81%E5%B1%91%E7%A0%82%E6%B5%86.jpg
INFO: [ app_init ] --START--
INFO: Run Behavior\BuildLiteBehavior [ RunTime:0.000014s ]
INFO: [ app_init ] --END-- [ RunTime:0.000085s ]

[ 2017-05-29T08:51:04+08:00 ] 127.0.0.1 /index.php/home/index/Public/static/images/a0bd8087dfb0cca581c008959aa1cce7.jpg
INFO: [ app_init ] --START--
INFO: Run Behavior\BuildLiteBehavior [ RunTime:0.000013s ]
INFO: [ app_init ] --END-- [ RunTime:0.000080s ]

[ 2017-05-29T08:51:04+08:00 ] 127.0.0.1 /index.php/home/index/Public/static/images/%E4%B8%8D%E5%8F%91%E7%81%AB%E6%B7%B7%E5%87%9D%E5%9C%9F.jpg
INFO: [ app_init ] --START--
INFO: Run Behavior\BuildLiteBehavior [ RunTime:0.000015s ]
INFO: [ app_init ] --END-- [ RunTime:0.000084s ]

[ 2017-05-29T08:51:04+08:00 ] 127.0.0.1 /index.php/home/index/Public/static/images/99c4e58598a2098fcdc6477f58eafb6f.jpg
INFO: [ app_init ] --START--
INFO: Run Behavior\BuildLiteBehavior [ RunTime:0.000015s ]
INFO: [ app_init ] --END-- [ RunTime:0.000089s ]

[ 2017-05-29T08:51:04+08:00 ] 127.0.0.1 /index.php/home/index/Public/static/images/%E9%87%91%E5%88%9A%E7%A0%82%E8%80%90%E7%A3%A8%E5%9C%B0%E5%9D%AA1.jpg
INFO: [ app_init ] --START--
INFO: Run Behavior\BuildLiteBehavior [ RunTime:0.000015s ]
INFO: [ app_init ] --END-- [ RunTime:0.000089s ]

[ 2017-05-29T08:51:04+08:00 ] 127.0.0.1 /index.php/home/index/Public/static/images/%E8%80%90%E6%B2%B9%E6%B7%B7%E5%87%9D%E5%9C%9F.jpg
INFO: [ app_init ] --START--
INFO: Run Behavior\BuildLiteBehavior [ RunTime:0.000018s ]
INFO: [ app_init ] --END-- [ RunTime:0.000121s ]

[ 2017-05-29T08:51:04+08:00 ] 127.0.0.1 /index.php/home/index/Public/static/images/%E8%A3%82%E7%BC%9D%E4%BF%AE%E5%A4%8D%E7%A0%82%E6%B5%86.jpg
INFO: [ app_init ] --START--
INFO: Run Behavior\BuildLiteBehavior [ RunTime:0.000016s ]
INFO: [ app_init ] --END-- [ RunTime:0.000092s ]

[ 2017-05-29T08:51:04+08:00 ] 127.0.0.1 /index.php/home/index/Public/static/images/%E7%AD%92%E4%BB%93%E5%A3%81%E8%80%90%E7%A3%A8%E6%96%99.jpg
INFO: [ app_init ] --START--
INFO: Run Behavior\BuildLiteBehavior [ RunTime:0.000014s ]
INFO: [ app_init ] --END-- [ RunTime:0.000079s ]

[ 2017-05-29T08:51:04+08:00 ] 127.0.0.1 /index.php/home/index/Public/static/images/913d8d8cf1b253b8151781d4980aff72.jpg
INFO: [ app_init ] --START--
INFO: Run Behavior\BuildLiteBehavior [ RunTime:0.000020s ]
INFO: [ app_init ] --END-- [ RunTime:0.000110s ]

[ 2017-05-29T08:51:04+08:00 ] 127.0.0.1 /index.php/home/index/Public/static/images/%E4%B8%8B%E6%96%99%E6%BA%9C%E6%A7%BD%E8%80%90%E7%A3%A8%E6%96%99.jpg
INFO: [ app_init ] --START--
INFO: Run Behavior\BuildLiteBehavior [ RunTime:0.000015s ]
INFO: [ app_init ] --END-- [ RunTime:0.000093s ]

[ 2017-05-29T08:51:04+08:00 ] 127.0.0.1 /index.php/home/index/Public/static/images/BSYH.jpg
INFO: [ app_init ] --START--
INFO: Run Behavior\BuildLiteBehavior [ RunTime:0.000021s ]
INFO: [ app_init ] --END-- [ RunTime:0.000130s ]

[ 2017-05-29T08:51:04+08:00 ] 127.0.0.1 /index.php/home/index/Public/static/images/BSYH2.jpg
INFO: [ app_init ] --START--
INFO: Run Behavior\BuildLiteBehavior [ RunTime:0.000014s ]
INFO: [ app_init ] --END-- [ RunTime:0.000085s ]

[ 2017-05-29T08:51:04+08:00 ] 127.0.0.1 /index.php/home/index/Public/static/images/logo.png
INFO: [ app_init ] --START--
INFO: Run Behavior\BuildLiteBehavior [ RunTime:0.000015s ]
INFO: [ app_init ] --END-- [ RunTime:0.000085s ]

[ 2017-05-29T08:51:04+08:00 ] 127.0.0.1 /index.php/home/index/Public/static/images/71ca719122fb3e722dab627cd6cf85e3.jpg
INFO: [ app_init ] --START--
INFO: Run Behavior\BuildLiteBehavior [ RunTime:0.000014s ]
INFO: [ app_init ] --END-- [ RunTime:0.000087s ]

[ 2017-05-29T08:51:04+08:00 ] 127.0.0.1 /index.php/home/index/Public/static/images/1.jpg
INFO: [ app_init ] --START--
INFO: Run Behavior\BuildLiteBehavior [ RunTime:0.000017s ]
INFO: [ app_init ] --END-- [ RunTime:0.000681s ]

[ 2017-05-29T08:51:04+08:00 ] 127.0.0.1 /index.php/home/index/Public/static/images/JTHY.PNG
INFO: [ app_init ] --START--
INFO: Run Behavior\BuildLiteBehavior [ RunTime:0.000017s ]
INFO: [ app_init ] --END-- [ RunTime:0.000112s ]

[ 2017-05-29T08:51:04+08:00 ] 127.0.0.1 /index.php/home/index/Public/static/images/item3.jpg
INFO: [ app_init ] --START--
INFO: Run Behavior\BuildLiteBehavior [ RunTime:0.000014s ]
INFO: [ app_init ] --END-- [ RunTime:0.000083s ]

[ 2017-05-29T08:51:04+08:00 ] 127.0.0.1 /index.php/home/index/Public/static/images/item2.jpg
INFO: [ app_init ] --START--
INFO: Run Behavior\BuildLiteBehavior [ RunTime:0.000014s ]
INFO: [ app_init ] --END-- [ RunTime:0.000084s ]

[ 2017-05-29T08:51:04+08:00 ] 127.0.0.1 /index.php/home/index/Public/static/images/item6.jpg
INFO: [ app_init ] --START--
INFO: Run Behavior\BuildLiteBehavior [ RunTime:0.000015s ]
INFO: [ app_init ] --END-- [ RunTime:0.000087s ]

[ 2017-05-29T08:51:04+08:00 ] 127.0.0.1 /index.php/home/index/Public/static/images/bg_1.png
INFO: [ app_init ] --START--
INFO: Run Behavior\BuildLiteBehavior [ RunTime:0.000013s ]
INFO: [ app_init ] --END-- [ RunTime:0.000076s ]

[ 2017-05-29T08:51:04+08:00 ] 127.0.0.1 /index.php/home/index/Public/static/images/item4.jpg
INFO: [ app_init ] --START--
INFO: Run Behavior\BuildLiteBehavior [ RunTime:0.000014s ]
INFO: [ app_init ] --END-- [ RunTime:0.000082s ]

[ 2017-05-29T08:51:04+08:00 ] 127.0.0.1 /index.php/home/index/Public/static/images/qr_code1.png
INFO: [ app_init ] --START--
INFO: Run Behavior\BuildLiteBehavior [ RunTime:0.000014s ]
INFO: [ app_init ] --END-- [ RunTime:0.000077s ]

[ 2017-05-29T08:51:04+08:00 ] 127.0.0.1 /index.php/home/index/Public/static/images/item5.jpg
INFO: [ app_init ] --START--
INFO: Run Behavior\BuildLiteBehavior [ RunTime:0.000014s ]
INFO: [ app_init ] --END-- [ RunTime:0.000093s ]

[ 2017-05-29T08:51:07+08:00 ] 127.0.0.1 /index.php/home/index/index
INFO: [ app_init ] --START--
INFO: Run Behavior\BuildLiteBehavior [ RunTime:0.000014s ]
INFO: [ app_init ] --END-- [ RunTime:0.000079s ]
INFO: [ app_begin ] --START--
INFO: Run Behavior\ReadHtmlCacheBehavior [ RunTime:0.001771s ]
INFO: [ app_begin ] --END-- [ RunTime:0.001831s ]
INFO: [ view_parse ] --START--
INFO: [ template_filter ] --START--
INFO: Run Behavior\ContentReplaceBehavior [ RunTime:0.000303s ]
INFO: [ template_filter ] --END-- [ RunTime:0.000380s ]
INFO: Run Behavior\ParseTemplateBehavior [ RunTime:0.015599s ]
INFO: [ view_parse ] --END-- [ RunTime:0.015671s ]
INFO: [ view_filter ] --START--
INFO: Run Behavior\WriteHtmlCacheBehavior [ RunTime:0.001809s ]
INFO: [ view_filter ] --END-- [ RunTime:0.001873s ]
INFO: [ app_end ] --START--
INFO: Run Behavior\ShowPageTraceBehavior [ RunTime:0.001820s ]
INFO: [ app_end ] --END-- [ RunTime:0.001892s ]

[ 2017-05-29T08:51:07+08:00 ] 127.0.0.1 /index.php/home/index/Public/static/css/bootstrap.min.css
INFO: [ app_init ] --START--
INFO: Run Behavior\BuildLiteBehavior [ RunTime:0.000014s ]
INFO: [ app_init ] --END-- [ RunTime:0.000083s ]
INFO: [ app_begin ] --START--
INFO: Run Behavior\ReadHtmlCacheBehavior [ RunTime:0.002899s ]
INFO: [ app_begin ] --END-- [ RunTime:0.002972s ]
ERR: 非法操作:Public

[ 2017-05-29T08:51:07+08:00 ] 127.0.0.1 /index.php/home/index/Public/static/css/owl.theme.css
INFO: [ app_init ] --START--
INFO: Run Behavior\BuildLiteBehavior [ RunTime:0.000013s ]
INFO: [ app_init ] --END-- [ RunTime:0.000076s ]
INFO: [ app_begin ] --START--
INFO: Run Behavior\ReadHtmlCacheBehavior [ RunTime:0.003394s ]
INFO: [ app_begin ] --END-- [ RunTime:0.003465s ]
ERR: 非法操作:Public

[ 2017-05-29T08:51:07+08:00 ] 127.0.0.1 /index.php/home/index/Public/static/css/owl.carousel.css
INFO: [ app_init ] --START--
INFO: Run Behavior\BuildLiteBehavior [ RunTime:0.000014s ]
INFO: [ app_init ] --END-- [ RunTime:0.000085s ]
INFO: [ app_begin ] --START--
INFO: Run Behavior\ReadHtmlCacheBehavior [ RunTime:0.002511s ]
INFO: [ app_begin ] --END-- [ RunTime:0.002582s ]
ERR: 非法操作:Public

[ 2017-05-29T08:51:07+08:00 ] 127.0.0.1 /index.php/home/index/Public/static/css/index.css
INFO: [ app_init ] --START--
INFO: Run Behavior\BuildLiteBehavior [ RunTime:0.000014s ]
INFO: [ app_init ] --END-- [ RunTime:0.000079s ]
INFO: [ app_begin ] --START--
INFO: Run Behavior\ReadHtmlCacheBehavior [ RunTime:0.002388s ]
INFO: [ app_begin ] --END-- [ RunTime:0.002458s ]
ERR: 非法操作:Public

[ 2017-05-29T08:51:07+08:00 ] 127.0.0.1 /index.php/home/index/Public/static/css/font-awesome.min.css
INFO: [ app_init ] --START--
INFO: Run Behavior\BuildLiteBehavior [ RunTime:0.000014s ]
INFO: [ app_init ] --END-- [ RunTime:0.000081s ]
INFO: [ app_begin ] --START--
INFO: Run Behavior\ReadHtmlCacheBehavior [ RunTime:0.002364s ]
INFO: [ app_begin ] --END-- [ RunTime:0.002605s ]
ERR: 非法操作:Public

[ 2017-05-29T08:51:07+08:00 ] 127.0.0.1 /index.php/home/index/Public/static/css/style.css
INFO: [ app_init ] --START--
INFO: Run Behavior\BuildLiteBehavior [ RunTime:0.000014s ]
INFO: [ app_init ] --END-- [ RunTime:0.000080s ]
INFO: [ app_begin ] --START--
INFO: Run Behavior\ReadHtmlCacheBehavior [ RunTime:0.002697s ]
INFO: [ app_begin ] --END-- [ RunTime:0.002796s ]
ERR: 非法操作:Public

[ 2017-05-29T08:51:07+08:00 ] 127.0.0.1 /index.php/home/index/Public/static/css/about_us.css
INFO: [ app_init ] --START--
INFO: Run Behavior\BuildLiteBehavior [ RunTime:0.000014s ]
INFO: [ app_init ] --END-- [ RunTime:0.000083s ]
INFO: [ app_begin ] --START--
INFO: Run Behavior\ReadHtmlCacheBehavior [ RunTime:0.011151s ]
INFO: [ app_begin ] --END-- [ RunTime:0.011225s ]
ERR: 非法操作:Public

[ 2017-05-29T08:51:07+08:00 ] 127.0.0.1 /index.php/home/index/Public/static/css/animate.css
INFO: [ app_init ] --START--
INFO: Run Behavior\BuildLiteBehavior [ RunTime:0.000013s ]
INFO: [ app_init ] --END-- [ RunTime:0.000078s ]
INFO: [ app_begin ] --START--
INFO: Run Behavior\ReadHtmlCacheBehavior [ RunTime:0.002203s ]
INFO: [ app_begin ] --END-- [ RunTime:0.002274s ]
ERR: 非法操作:Public

[ 2017-05-29T08:51:07+08:00 ] 127.0.0.1 /index.php/home/index/Public/static/js/jquery-3.0.0.min.js
INFO: [ app_init ] --START--
INFO: Run Behavior\BuildLiteBehavior [ RunTime:0.000015s ]
INFO: [ app_init ] --END-- [ RunTime:0.000089s ]
INFO: [ app_begin ] --START--
INFO: Run Behavior\ReadHtmlCacheBehavior [ RunTime:0.002976s ]
INFO: [ app_begin ] --END-- [ RunTime:0.003046s ]
ERR: 非法操作:Public

[ 2017-05-29T08:51:07+08:00 ] 127.0.0.1 /index.php/home/index/Public/static/js/bootstrap.min.js
INFO: [ app_init ] --START--
INFO: Run Behavior\BuildLiteBehavior [ RunTime:0.000014s ]
INFO: [ app_init ] --END-- [ RunTime:0.000078s ]
INFO: [ app_begin ] --START--
INFO: Run Behavior\ReadHtmlCacheBehavior [ RunTime:0.002531s ]
INFO: [ app_begin ] --END-- [ RunTime:0.002608s ]
ERR: 非法操作:Public

[ 2017-05-29T08:51:07+08:00 ] 127.0.0.1 /index.php/home/index/Public/static/js/owl.carousel.js
INFO: [ app_init ] --START--
INFO: Run Behavior\BuildLiteBehavior [ RunTime:0.000014s ]
INFO: [ app_init ] --END-- [ RunTime:0.000083s ]
INFO: [ app_begin ] --START--
INFO: Run Behavior\ReadHtmlCacheBehavior [ RunTime:0.002137s ]
INFO: [ app_begin ] --END-- [ RunTime:0.002223s ]
ERR: 非法操作:Public

[ 2017-05-29T08:51:08+08:00 ] 127.0.0.1 /index.php/home/index/Public/static/images/99c4e58598a2098fcdc6477f58eafb6f.jpg
INFO: [ app_init ] --START--
INFO: Run Behavior\BuildLiteBehavior [ RunTime:0.000014s ]
INFO: [ app_init ] --END-- [ RunTime:0.000082s ]

[ 2017-05-29T08:51:08+08:00 ] 127.0.0.1 /index.php/home/index/Public/static/images/a0bd8087dfb0cca581c008959aa1cce7.jpg
INFO: [ app_init ] --START--
INFO: Run Behavior\BuildLiteBehavior [ RunTime:0.000013s ]
INFO: [ app_init ] --END-- [ RunTime:0.000081s ]

[ 2017-05-29T08:51:08+08:00 ] 127.0.0.1 /index.php/home/index/Public/static/images/logo.png
INFO: [ app_init ] --START--
INFO: Run Behavior\BuildLiteBehavior [ RunTime:0.000015s ]
INFO: [ app_init ] --END-- [ RunTime:0.000090s ]

[ 2017-05-29T08:51:08+08:00 ] 127.0.0.1 /index.php/home/index/Public/static/images/913d8d8cf1b253b8151781d4980aff72.jpg
INFO: [ app_init ] --START--
INFO: Run Behavior\BuildLiteBehavior [ RunTime:0.000016s ]
INFO: [ app_init ] --END-- [ RunTime:0.000098s ]

[ 2017-05-29T08:51:08+08:00 ] 127.0.0.1 /index.php/home/index/Public/static/images/71ca719122fb3e722dab627cd6cf85e3.jpg
INFO: [ app_init ] --START--
INFO: Run Behavior\BuildLiteBehavior [ RunTime:0.000014s ]
INFO: [ app_init ] --END-- [ RunTime:0.000092s ]

[ 2017-05-29T08:51:08+08:00 ] 127.0.0.1 /index.php/home/index/Public/static/images/%E5%BD%A9%E8%89%B2%E8%80%90%E7%A3%A8%E5%9C%B0%E5%9D%AA.jpg
INFO: [ app_init ] --START--
INFO: Run Behavior\BuildLiteBehavior [ RunTime:0.000014s ]
INFO: [ app_init ] --END-- [ RunTime:0.000083s ]

[ 2017-05-29T08:51:08+08:00 ] 127.0.0.1 /index.php/home/index/Public/static/images/%E8%80%90%E6%B2%B9%E6%B7%B7%E5%87%9D%E5%9C%9F.jpg
INFO: [ app_init ] --START--
INFO: Run Behavior\BuildLiteBehavior [ RunTime:0.000013s ]
INFO: [ app_init ] --END-- [ RunTime:0.000084s ]

[ 2017-05-29T08:51:08+08:00 ] 127.0.0.1 /index.php/home/index/Public/static/images/%E4%B8%8D%E5%8F%91%E7%81%AB%E6%B7%B7%E5%87%9D%E5%9C%9F.jpg
INFO: [ app_init ] --START--
INFO: Run Behavior\BuildLiteBehavior [ RunTime:0.000016s ]
INFO: [ app_init ] --END-- [ RunTime:0.000133s ]

[ 2017-05-29T08:51:08+08:00 ] 127.0.0.1 /index.php/home/index/Public/static/images/%E9%93%81%E5%B1%91%E7%A0%82%E6%B5%86.jpg
INFO: [ app_init ] --START--
INFO: Run Behavior\BuildLiteBehavior [ RunTime:0.000014s ]
INFO: [ app_init ] --END-- [ RunTime:0.000080s ]

[ 2017-05-29T08:51:08+08:00 ] 127.0.0.1 /index.php/home/index/Public/static/images/%E8%A3%82%E7%BC%9D%E4%BF%AE%E5%A4%8D%E7%A0%82%E6%B5%86.jpg
INFO: [ app_init ] --START--
INFO: Run Behavior\BuildLiteBehavior [ RunTime:0.000014s ]
INFO: [ app_init ] --END-- [ RunTime:0.000078s ]

[ 2017-05-29T08:51:08+08:00 ] 127.0.0.1 /index.php/home/index/Public/static/images/%E9%87%91%E5%88%9A%E7%A0%82%E8%80%90%E7%A3%A8%E5%9C%B0%E5%9D%AA1.jpg
INFO: [ app_init ] --START--
INFO: Run Behavior\BuildLiteBehavior [ RunTime:0.000014s ]
INFO: [ app_init ] --END-- [ RunTime:0.000078s ]

[ 2017-05-29T08:51:08+08:00 ] 127.0.0.1 /index.php/home/index/Public/static/images/%E7%AD%92%E4%BB%93%E5%A3%81%E8%80%90%E7%A3%A8%E6%96%99.jpg
INFO: [ app_init ] --START--
INFO: Run Behavior\BuildLiteBehavior [ RunTime:0.000017s ]
INFO: [ app_init ] --END-- [ RunTime:0.000102s ]

[ 2017-05-29T08:51:08+08:00 ] 127.0.0.1 /index.php/home/index/Public/static/images/1.jpg
INFO: [ app_init ] --START--
INFO: Run Behavior\BuildLiteBehavior [ RunTime:0.000014s ]
INFO: [ app_init ] --END-- [ RunTime:0.000107s ]

[ 2017-05-29T08:51:08+08:00 ] 127.0.0.1 /index.php/home/index/Public/static/images/item6.jpg
INFO: [ app_init ] --START--
INFO: Run Behavior\BuildLiteBehavior [ RunTime:0.000020s ]
INFO: [ app_init ] --END-- [ RunTime:0.000103s ]

[ 2017-05-29T08:51:08+08:00 ] 127.0.0.1 /index.php/home/index/Public/static/images/BSYH.jpg
INFO: [ app_init ] --START--
INFO: Run Behavior\BuildLiteBehavior [ RunTime:0.000018s ]
INFO: [ app_init ] --END-- [ RunTime:0.000109s ]

[ 2017-05-29T08:51:08+08:00 ] 127.0.0.1 /index.php/home/index/Public/static/images/%E4%B8%8B%E6%96%99%E6%BA%9C%E6%A7%BD%E8%80%90%E7%A3%A8%E6%96%99.jpg
INFO: [ app_init ] --START--
INFO: Run Behavior\BuildLiteBehavior [ RunTime:0.000015s ]
INFO: [ app_init ] --END-- [ RunTime:0.000102s ]

[ 2017-05-29T08:51:08+08:00 ] 127.0.0.1 /index.php/home/index/Public/static/images/item3.jpg
INFO: [ app_init ] --START--
INFO: Run Behavior\BuildLiteBehavior [ RunTime:0.000013s ]
INFO: [ app_init ] --END-- [ RunTime:0.000077s ]

[ 2017-05-29T08:51:08+08:00 ] 127.0.0.1 /index.php/home/index/Public/static/images/BSYH2.jpg
INFO: [ app_init ] --START--
INFO: Run Behavior\BuildLiteBehavior [ RunTime:0.000014s ]
INFO: [ app_init ] --END-- [ RunTime:0.000081s ]

[ 2017-05-29T08:51:08+08:00 ] 127.0.0.1 /index.php/home/index/Public/static/images/item5.jpg
INFO: [ app_init ] --START--
INFO: Run Behavior\BuildLiteBehavior [ RunTime:0.000014s ]
INFO: [ app_init ] --END-- [ RunTime:0.000084s ]

[ 2017-05-29T08:51:08+08:00 ] 127.0.0.1 /index.php/home/index/Public/static/images/item2.jpg
INFO: [ app_init ] --START--
INFO: Run Behavior\BuildLiteBehavior [ RunTime:0.000014s ]
INFO: [ app_init ] --END-- [ RunTime:0.000099s ]

[ 2017-05-29T08:51:08+08:00 ] 127.0.0.1 /index.php/home/index/Public/static/images/JTHY.PNG
INFO: [ app_init ] --START--
INFO: Run Behavior\BuildLiteBehavior [ RunTime:0.000014s ]
INFO: [ app_init ] --END-- [ RunTime:0.000079s ]

[ 2017-05-29T08:51:08+08:00 ] 127.0.0.1 /index.php/home/index/Public/static/images/qr_code1.png
INFO: [ app_init ] --START--
INFO: Run Behavior\BuildLiteBehavior [ RunTime:0.000017s ]
INFO: [ app_init ] --END-- [ RunTime:0.000093s ]

[ 2017-05-29T08:51:08+08:00 ] 127.0.0.1 /index.php/home/index/Public/static/images/item4.jpg
INFO: [ app_init ] --START--
INFO: Run Behavior\BuildLiteBehavior [ RunTime:0.000014s ]
INFO: [ app_init ] --END-- [ RunTime:0.000082s ]

[ 2017-05-29T08:51:08+08:00 ] 127.0.0.1 /index.php/home/index/Public/static/images/bg_1.png
INFO: [ app_init ] --START--
INFO: Run Behavior\BuildLiteBehavior [ RunTime:0.000021s ]
INFO: [ app_init ] --END-- [ RunTime:0.000112s ]

[ 2017-05-29T08:51:16+08:00 ] 127.0.0.1 /index.php/home/index
INFO: [ app_init ] --START--
INFO: Run Behavior\BuildLiteBehavior [ RunTime:0.000014s ]
INFO: [ app_init ] --END-- [ RunTime:0.000073s ]
INFO: [ app_begin ] --START--
INFO: Run Behavior\ReadHtmlCacheBehavior [ RunTime:0.001784s ]
INFO: [ app_begin ] --END-- [ RunTime:0.001842s ]
INFO: [ view_parse ] --START--
INFO: [ template_filter ] --START--
INFO: Run Behavior\ContentReplaceBehavior [ RunTime:0.000366s ]
INFO: [ template_filter ] --END-- [ RunTime:0.000440s ]
INFO: Run Behavior\ParseTemplateBehavior [ RunTime:0.015517s ]
INFO: [ view_parse ] --END-- [ RunTime:0.015596s ]
INFO: [ view_filter ] --START--
INFO: Run Behavior\WriteHtmlCacheBehavior [ RunTime:0.002175s ]
INFO: [ view_filter ] --END-- [ RunTime:0.002236s ]
INFO: [ app_end ] --START--
INFO: Run Behavior\ShowPageTraceBehavior [ RunTime:0.001798s ]
INFO: [ app_end ] --END-- [ RunTime:0.001857s ]

[ 2017-05-29T08:51:16+08:00 ] 127.0.0.1 /index.php/home/Public/static/css/owl.carousel.css
INFO: [ app_init ] --START--
INFO: Run Behavior\BuildLiteBehavior [ RunTime:0.000015s ]
INFO: [ app_init ] --END-- [ RunTime:0.000111s ]
INFO: [ app_begin ] --START--
INFO: Run Behavior\ReadHtmlCacheBehavior [ RunTime:0.003008s ]
INFO: [ app_begin ] --END-- [ RunTime:0.003082s ]
ERR: 无法加载控制器:Public

[ 2017-05-29T08:51:16+08:00 ] 127.0.0.1 /index.php/home/Public/static/css/font-awesome.min.css
INFO: [ app_init ] --START--
INFO: Run Behavior\BuildLiteBehavior [ RunTime:0.000014s ]
INFO: [ app_init ] --END-- [ RunTime:0.000082s ]
INFO: [ app_begin ] --START--
INFO: Run Behavior\ReadHtmlCacheBehavior [ RunTime:0.003576s ]
INFO: [ app_begin ] --END-- [ RunTime:0.003650s ]
ERR: 无法加载控制器:Public

[ 2017-05-29T08:51:16+08:00 ] 127.0.0.1 /index.php/home/Public/static/css/index.css
INFO: [ app_init ] --START--
INFO: Run Behavior\BuildLiteBehavior [ RunTime:0.000013s ]
INFO: [ app_init ] --END-- [ RunTime:0.000079s ]
INFO: [ app_begin ] --START--
INFO: Run Behavior\ReadHtmlCacheBehavior [ RunTime:0.002890s ]
INFO: [ app_begin ] --END-- [ RunTime:0.002972s ]
ERR: 无法加载控制器:Public

[ 2017-05-29T08:51:16+08:00 ] 127.0.0.1 /index.php/home/Public/static/css/style.css
INFO: [ app_init ] --START--
INFO: Run Behavior\BuildLiteBehavior [ RunTime:0.000013s ]
INFO: [ app_init ] --END-- [ RunTime:0.000080s ]
INFO: [ app_begin ] --START--
INFO: Run Behavior\ReadHtmlCacheBehavior [ RunTime:0.004016s ]
INFO: [ app_begin ] --END-- [ RunTime:0.004091s ]
ERR: 无法加载控制器:Public

[ 2017-05-29T08:51:16+08:00 ] 127.0.0.1 /index.php/home/Public/static/css/owl.theme.css
INFO: [ app_init ] --START--
INFO: Run Behavior\BuildLiteBehavior [ RunTime:0.000013s ]
INFO: [ app_init ] --END-- [ RunTime:0.000081s ]
INFO: [ app_begin ] --START--
INFO: Run Behavior\ReadHtmlCacheBehavior [ RunTime:0.002451s ]
INFO: [ app_begin ] --END-- [ RunTime:0.002522s ]
ERR: 无法加载控制器:Public

[ 2017-05-29T08:51:16+08:00 ] 127.0.0.1 /index.php/home/Public/static/css/bootstrap.min.css
INFO: [ app_init ] --START--
INFO: Run Behavior\BuildLiteBehavior [ RunTime:0.000015s ]
INFO: [ app_init ] --END-- [ RunTime:0.000086s ]
INFO: [ app_begin ] --START--
INFO: Run Behavior\ReadHtmlCacheBehavior [ RunTime:0.004642s ]
INFO: [ app_begin ] --END-- [ RunTime:0.004716s ]
ERR: 无法加载控制器:Public

[ 2017-05-29T08:51:16+08:00 ] 127.0.0.1 /index.php/home/Public/static/css/animate.css
INFO: [ app_init ] --START--
INFO: Run Behavior\BuildLiteBehavior [ RunTime:0.000014s ]
INFO: [ app_init ] --END-- [ RunTime:0.000086s ]
INFO: [ app_begin ] --START--
INFO: Run Behavior\ReadHtmlCacheBehavior [ RunTime:0.002221s ]
INFO: [ app_begin ] --END-- [ RunTime:0.002295s ]
ERR: 无法加载控制器:Public

[ 2017-05-29T08:51:16+08:00 ] 127.0.0.1 /index.php/home/Public/static/js/jquery-3.0.0.min.js
INFO: [ app_init ] --START--
INFO: Run Behavior\BuildLiteBehavior [ RunTime:0.000015s ]
INFO: [ app_init ] --END-- [ RunTime:0.000085s ]
INFO: [ app_begin ] --START--
INFO: Run Behavior\ReadHtmlCacheBehavior [ RunTime:0.002519s ]
INFO: [ app_begin ] --END-- [ RunTime:0.002640s ]
ERR: 无法加载控制器:Public

[ 2017-05-29T08:51:16+08:00 ] 127.0.0.1 /index.php/home/Public/static/css/about_us.css
INFO: [ app_init ] --START--
INFO: Run Behavior\BuildLiteBehavior [ RunTime:0.000014s ]
INFO: [ app_init ] --END-- [ RunTime:0.000079s ]
INFO: [ app_begin ] --START--
INFO: Run Behavior\ReadHtmlCacheBehavior [ RunTime:0.003599s ]
INFO: [ app_begin ] --END-- [ RunTime:0.003677s ]
ERR: 无法加载控制器:Public

[ 2017-05-29T08:51:16+08:00 ] 127.0.0.1 /index.php/home/Public/static/js/bootstrap.min.js
INFO: [ app_init ] --START--
INFO: Run Behavior\BuildLiteBehavior [ RunTime:0.000014s ]
INFO: [ app_init ] --END-- [ RunTime:0.000082s ]
INFO: [ app_begin ] --START--
INFO: Run Behavior\ReadHtmlCacheBehavior [ RunTime:0.002211s ]
INFO: [ app_begin ] --END-- [ RunTime:0.002285s ]
ERR: 无法加载控制器:Public

[ 2017-05-29T08:51:16+08:00 ] 127.0.0.1 /index.php/home/Public/static/js/owl.carousel.js
INFO: [ app_init ] --START--
INFO: Run Behavior\BuildLiteBehavior [ RunTime:0.000014s ]
INFO: [ app_init ] --END-- [ RunTime:0.000080s ]
INFO: [ app_begin ] --START--
INFO: Run Behavior\ReadHtmlCacheBehavior [ RunTime:0.002234s ]
INFO: [ app_begin ] --END-- [ RunTime:0.002312s ]
ERR: 无法加载控制器:Public

[ 2017-05-29T08:51:16+08:00 ] 127.0.0.1 /index.php/home/Public/static/images/logo.png
INFO: [ app_init ] --START--
INFO: Run Behavior\BuildLiteBehavior [ RunTime:0.000013s ]
INFO: [ app_init ] --END-- [ RunTime:0.000076s ]

[ 2017-05-29T08:51:16+08:00 ] 127.0.0.1 /index.php/home/Public/static/js/bootstrap.min.js
INFO: [ app_init ] --START--
INFO: Run Behavior\BuildLiteBehavior [ RunTime:0.000015s ]
INFO: [ app_init ] --END-- [ RunTime:0.000088s ]
INFO: [ app_begin ] --START--
INFO: Run Behavior\ReadHtmlCacheBehavior [ RunTime:0.002098s ]
INFO: [ app_begin ] --END-- [ RunTime:0.002179s ]
ERR: 无法加载控制器:Public

[ 2017-05-29T08:51:16+08:00 ] 127.0.0.1 /index.php/home/Public/static/images/71ca719122fb3e722dab627cd6cf85e3.jpg
INFO: [ app_init ] --START--
INFO: Run Behavior\BuildLiteBehavior [ RunTime:0.000013s ]
INFO: [ app_init ] --END-- [ RunTime:0.000077s ]

[ 2017-05-29T08:51:16+08:00 ] 127.0.0.1 /index.php/home/Public/static/js/owl.carousel.js
INFO: [ app_init ] --START--
INFO: Run Behavior\BuildLiteBehavior [ RunTime:0.000015s ]
INFO: [ app_init ] --END-- [ RunTime:0.000088s ]
INFO: [ app_begin ] --START--
INFO: Run Behavior\ReadHtmlCacheBehavior [ RunTime:0.001958s ]
INFO: [ app_begin ] --END-- [ RunTime:0.002026s ]
ERR: 无法加载控制器:Public

[ 2017-05-29T08:51:16+08:00 ] 127.0.0.1 /index.php/home/Public/static/images/913d8d8cf1b253b8151781d4980aff72.jpg
INFO: [ app_init ] --START--
INFO: Run Behavior\BuildLiteBehavior [ RunTime:0.000017s ]
INFO: [ app_init ] --END-- [ RunTime:0.000092s ]

[ 2017-05-29T08:51:16+08:00 ] 127.0.0.1 /index.php/home/Public/static/images/99c4e58598a2098fcdc6477f58eafb6f.jpg
INFO: [ app_init ] --START--
INFO: Run Behavior\BuildLiteBehavior [ RunTime:0.000015s ]
INFO: [ app_init ] --END-- [ RunTime:0.000100s ]

[ 2017-05-29T08:51:16+08:00 ] 127.0.0.1 /index.php/home/Public/static/images/%E9%93%81%E5%B1%91%E7%A0%82%E6%B5%86.jpg
INFO: [ app_init ] --START--
INFO: Run Behavior\BuildLiteBehavior [ RunTime:0.000014s ]
INFO: [ app_init ] --END-- [ RunTime:0.000084s ]

[ 2017-05-29T08:51:16+08:00 ] 127.0.0.1 /index.php/home/Public/static/images/logo.png
INFO: [ app_init ] --START--
INFO: Run Behavior\BuildLiteBehavior [ RunTime:0.000015s ]
INFO: [ app_init ] --END-- [ RunTime:0.000092s ]

[ 2017-05-29T08:51:16+08:00 ] 127.0.0.1 /index.php/home/Public/static/images/%E5%BD%A9%E8%89%B2%E8%80%90%E7%A3%A8%E5%9C%B0%E5%9D%AA.jpg
INFO: [ app_init ] --START--
INFO: Run Behavior\BuildLiteBehavior [ RunTime:0.000013s ]
INFO: [ app_init ] --END-- [ RunTime:0.000080s ]

[ 2017-05-29T08:51:16+08:00 ] 127.0.0.1 /index.php/home/Public/static/images/a0bd8087dfb0cca581c008959aa1cce7.jpg
INFO: [ app_init ] --START--
INFO: Run Behavior\BuildLiteBehavior [ RunTime:0.000035s ]
INFO: [ app_init ] --END-- [ RunTime:0.000118s ]

[ 2017-05-29T08:51:16+08:00 ] 127.0.0.1 /index.php/home/Public/static/images/%E8%80%90%E6%B2%B9%E6%B7%B7%E5%87%9D%E5%9C%9F.jpg
INFO: [ app_init ] --START--
INFO: Run Behavior\BuildLiteBehavior [ RunTime:0.000015s ]
INFO: [ app_init ] --END-- [ RunTime:0.000098s ]

[ 2017-05-29T08:51:16+08:00 ] 127.0.0.1 /index.php/home/Public/static/images/71ca719122fb3e722dab627cd6cf85e3.jpg
INFO: [ app_init ] --START--
INFO: Run Behavior\BuildLiteBehavior [ RunTime:0.000014s ]
INFO: [ app_init ] --END-- [ RunTime:0.000086s ]

[ 2017-05-29T08:51:16+08:00 ] 127.0.0.1 /index.php/home/Public/static/images/%E4%B8%8D%E5%8F%91%E7%81%AB%E6%B7%B7%E5%87%9D%E5%9C%9F.jpg
INFO: [ app_init ] --START--
INFO: Run Behavior\BuildLiteBehavior [ RunTime:0.000014s ]
INFO: [ app_init ] --END-- [ RunTime:0.000081s ]

[ 2017-05-29T08:51:16+08:00 ] 127.0.0.1 /index.php/home/Public/static/images/%E8%A3%82%E7%BC%9D%E4%BF%AE%E5%A4%8D%E7%A0%82%E6%B5%86.jpg
INFO: [ app_init ] --START--
INFO: Run Behavior\BuildLiteBehavior [ RunTime:0.000016s ]
INFO: [ app_init ] --END-- [ RunTime:0.000129s ]

[ 2017-05-29T08:51:16+08:00 ] 127.0.0.1 /index.php/home/Public/static/images/%E7%AD%92%E4%BB%93%E5%A3%81%E8%80%90%E7%A3%A8%E6%96%99.jpg
INFO: [ app_init ] --START--
INFO: Run Behavior\BuildLiteBehavior [ RunTime:0.000015s ]
INFO: [ app_init ] --END-- [ RunTime:0.000110s ]

[ 2017-05-29T08:51:16+08:00 ] 127.0.0.1 /index.php/home/Public/static/images/%E9%87%91%E5%88%9A%E7%A0%82%E8%80%90%E7%A3%A8%E5%9C%B0%E5%9D%AA1.jpg
INFO: [ app_init ] --START--
INFO: Run Behavior\BuildLiteBehavior [ RunTime:0.000016s ]
INFO: [ app_init ] --END-- [ RunTime:0.000090s ]

[ 2017-05-29T08:51:16+08:00 ] 127.0.0.1 /index.php/home/Public/static/images/1.jpg
INFO: [ app_init ] --START--
INFO: Run Behavior\BuildLiteBehavior [ RunTime:0.000017s ]
INFO: [ app_init ] --END-- [ RunTime:0.000120s ]

[ 2017-05-29T08:51:16+08:00 ] 127.0.0.1 /index.php/home/Public/static/images/%E4%B8%8B%E6%96%99%E6%BA%9C%E6%A7%BD%E8%80%90%E7%A3%A8%E6%96%99.jpg
INFO: [ app_init ] --START--
INFO: Run Behavior\BuildLiteBehavior [ RunTime:0.000015s ]
INFO: [ app_init ] --END-- [ RunTime:0.000089s ]

[ 2017-05-29T08:51:16+08:00 ] 127.0.0.1 /index.php/home/Public/static/images/BSYH.jpg
INFO: [ app_init ] --START--
INFO: Run Behavior\BuildLiteBehavior [ RunTime:0.000013s ]
INFO: [ app_init ] --END-- [ RunTime:0.000076s ]

[ 2017-05-29T08:51:16+08:00 ] 127.0.0.1 /index.php/home/Public/static/images/item6.jpg
INFO: [ app_init ] --START--
INFO: Run Behavior\BuildLiteBehavior [ RunTime:0.000015s ]
INFO: [ app_init ] --END-- [ RunTime:0.000089s ]

[ 2017-05-29T08:51:16+08:00 ] 127.0.0.1 /index.php/home/Public/static/images/BSYH2.jpg
INFO: [ app_init ] --START--
INFO: Run Behavior\BuildLiteBehavior [ RunTime:0.000015s ]
INFO: [ app_init ] --END-- [ RunTime:0.000092s ]

[ 2017-05-29T08:51:16+08:00 ] 127.0.0.1 /index.php/home/Public/static/images/item4.jpg
INFO: [ app_init ] --START--
INFO: Run Behavior\BuildLiteBehavior [ RunTime:0.000014s ]
INFO: [ app_init ] --END-- [ RunTime:0.000081s ]

[ 2017-05-29T08:51:16+08:00 ] 127.0.0.1 /index.php/home/Public/static/images/JTHY.PNG
INFO: [ app_init ] --START--
INFO: Run Behavior\BuildLiteBehavior [ RunTime:0.000013s ]
INFO: [ app_init ] --END-- [ RunTime:0.000077s ]

[ 2017-05-29T08:51:16+08:00 ] 127.0.0.1 /index.php/home/Public/static/images/item5.jpg
INFO: [ app_init ] --START--
INFO: Run Behavior\BuildLiteBehavior [ RunTime:0.000014s ]
INFO: [ app_init ] --END-- [ RunTime:0.000083s ]

[ 2017-05-29T08:51:16+08:00 ] 127.0.0.1 /index.php/home/Public/static/images/item2.jpg
INFO: [ app_init ] --START--
INFO: Run Behavior\BuildLiteBehavior [ RunTime:0.000014s ]
INFO: [ app_init ] --END-- [ RunTime:0.000085s ]

[ 2017-05-29T08:51:16+08:00 ] 127.0.0.1 /index.php/home/Public/static/images/item3.jpg
INFO: [ app_init ] --START--
INFO: Run Behavior\BuildLiteBehavior [ RunTime:0.000013s ]
INFO: [ app_init ] --END-- [ RunTime:0.000077s ]

[ 2017-05-29T08:51:16+08:00 ] 127.0.0.1 /index.php/home/Public/static/images/qr_code1.png
INFO: [ app_init ] --START--
INFO: Run Behavior\BuildLiteBehavior [ RunTime:0.000016s ]
INFO: [ app_init ] --END-- [ RunTime:0.000088s ]

[ 2017-05-29T08:51:16+08:00 ] 127.0.0.1 /index.php/home/Public/static/images/bg_1.png
INFO: [ app_init ] --START--
INFO: Run Behavior\BuildLiteBehavior [ RunTime:0.000015s ]
INFO: [ app_init ] --END-- [ RunTime:0.000085s ]

[ 2017-05-29T08:51:20+08:00 ] 127.0.0.1 /index.php
INFO: [ app_init ] --START--
INFO: Run Behavior\BuildLiteBehavior [ RunTime:0.000013s ]
INFO: [ app_init ] --END-- [ RunTime:0.000078s ]
INFO: [ app_begin ] --START--
INFO: Run Behavior\ReadHtmlCacheBehavior [ RunTime:0.001984s ]
INFO: [ app_begin ] --END-- [ RunTime:0.002058s ]
INFO: [ view_parse ] --START--
INFO: [ template_filter ] --START--
INFO: Run Behavior\ContentReplaceBehavior [ RunTime:0.000286s ]
INFO: [ template_filter ] --END-- [ RunTime:0.000365s ]
INFO: Run Behavior\ParseTemplateBehavior [ RunTime:0.014701s ]
INFO: [ view_parse ] --END-- [ RunTime:0.014777s ]
INFO: [ view_filter ] --START--
INFO: Run Behavior\WriteHtmlCacheBehavior [ RunTime:0.001679s ]
INFO: [ view_filter ] --END-- [ RunTime:0.001740s ]
INFO: [ app_end ] --START--
INFO: Run Behavior\ShowPageTraceBehavior [ RunTime:0.001893s ]
INFO: [ app_end ] --END-- [ RunTime:0.001956s ]

